<?xml version="1.0" encoding="UTF-8"?>
<!-- Generated by org.testng.reporters.JUnitReportReporter -->
<testsuite hostname="LAPTOP-4KFD49PS" failures="0" tests="1" name="TestCases.LoginTestCases" time="1.120" errors="0" timestamp="2023-11-22T00:42:59 IST" skipped="0">
  <testcase classname="TestCases.LoginTestCases" name="verifyLogin" time="1.120"/>
  <system-out/>
</testsuite> <!-- TestCases.LoginTestCases -->
