<?xml version="1.0" encoding="UTF-8"?>
<!-- Generated by org.testng.reporters.JUnitReportReporter -->
<testsuite hostname="LAPTOP-4KFD49PS" failures="0" tests="2" name="TestCases.RegesterTestCases" time="9.407" errors="0" timestamp="2023-11-28T12:39:54 IST" skipped="0">
  <testcase classname="TestCases.RegesterTestCases" name="verifyInvalidRegistration" time="7.483"/>
  <system-out/>
  <testcase classname="TestCases.RegesterTestCases" name="verifyValidRegistration" time="1.924"/>
  <system-out/>
</testsuite> <!-- TestCases.RegesterTestCases -->
